▲ Next.js 16.1.6 (Turbopack)
- Local:         http://localhost:3015
- Network:       http://192.168.56.1:3015
- Environments: .env

✓ Starting...
✓ Ready in 4.7s
○ Compiling / ...
prisma:query SELECT "public"."Ad"."id", "public"."Ad"."title", "public"."Ad"."adCode", "public"."Ad"."placement"::text, "public"."Ad"."active", "public"."Ad"."createdAt", "public"."Ad"."updatedAt" FROM "public"."Ad" WHERE ("public"."Ad"."placement" = CAST($1::text AS "public"."AdPlacement") AND "public"."Ad"."active" = $2) ORDER BY "public"."Ad"."createdAt" DESC OFFSET $3
prisma:query SELECT "public"."Ad"."id", "public"."Ad"."title", "public"."Ad"."adCode", "public"."Ad"."placement"::text, "public"."Ad"."active", "public"."Ad"."createdAt", "public"."Ad"."updatedAt" FROM "public"."Ad" WHERE ("public"."Ad"."placement" = CAST($1::text AS "public"."AdPlacement") AND "public"."Ad"."active" = $2) ORDER BY "public"."Ad"."createdAt" DESC OFFSET $3
 GET / 200 in 8.4s (compile: 5.0s, render: 3.3s)
prisma:query SELECT "public"."Ad"."id", "public"."Ad"."title", "public"."Ad"."adCode", "public"."Ad"."placement"::text, "public"."Ad"."active", "public"."Ad"."createdAt", "public"."Ad"."updatedAt" FROM "public"."Ad" WHERE ("public"."Ad"."placement" = CAST($1::text AS "public"."AdPlacement") AND "public"."Ad"."active" = $2) ORDER BY "public"."Ad"."createdAt" DESC OFFSET $3
prisma:query SELECT "public"."Ad"."id", "public"."Ad"."title", "public"."Ad"."adCode", "public"."Ad"."placement"::text, "public"."Ad"."active", "public"."Ad"."createdAt", "public"."Ad"."updatedAt" FROM "public"."Ad" WHERE ("public"."Ad"."placement" = CAST($1::text AS "public"."AdPlacement") AND "public"."Ad"."active" = $2) ORDER BY "public"."Ad"."createdAt" DESC OFFSET $3
 GET / 200 in 275ms (compile: 15ms, render: 261ms)
 GET /api/auth/me 401 in 464ms (compile: 408ms, render: 56ms)
prisma:query SELECT "public"."Certificate"."id", "public"."Certificate"."title", "public"."Certificate"."slug", "public"."Certificate"."courseName", "public"."Certificate"."platform", "public"."Certificate"."category", "public"."Certificate"."categoryId", "public"."Certificate"."duration", "public"."Certificate"."pricingType", "public"."Certificate"."courseContent", "public"."Certificate"."benefits", "public"."Certificate"."certificateUrl", "public"."Certificate"."description", "public"."Certificate"."imageUrl", "public"."Certificate"."link", "public"."Certificate"."metaTitle", "public"."Certificate"."metaDescription", "public"."Certificate"."keywords", "public"."Certificate"."issuedAt", "public"."Certificate"."createdAt", "public"."Certificate"."updatedAt" FROM "public"."Certificate" WHERE 1=1 ORDER BY "public"."Certificate"."createdAt" DESC OFFSET $1
prisma:query SELECT "public"."Category"."id", "public"."Category"."name", "public"."Category"."slug", "public"."Category"."description", "public"."Category"."createdAt", "public"."Category"."updatedAt" FROM "public"."Category" WHERE "public"."Category"."id" IN ($1,$2,$3,$4,$5) OFFSET $6
 GET /api/certificates 200 in 1889ms (compile: 576ms, render: 1313ms)
○ Compiling /blog ...
prisma:query SELECT 1
prisma:query SELECT "public"."Blog"."id", "public"."Blog"."title", "public"."Blog"."slug", "public"."Blog"."content", "public"."Blog"."featuredImage", "public"."Blog"."metaTitle", "public"."Blog"."metaDescription", "public"."Blog"."published", "public"."Blog"."createdAt", "public"."Blog"."updatedAt" FROM "public"."Blog" WHERE "public"."Blog"."published" = $1 ORDER BY "public"."Blog"."createdAt" DESC OFFSET $2
prisma:query SELECT "public"."Ad"."id", "public"."Ad"."title", "public"."Ad"."adCode", "public"."Ad"."placement"::text, "public"."Ad"."active", "public"."Ad"."createdAt", "public"."Ad"."updatedAt" FROM "public"."Ad" WHERE ("public"."Ad"."placement" = CAST($1::text AS "public"."AdPlacement") AND "public"."Ad"."active" = $2) ORDER BY "public"."Ad"."createdAt" DESC OFFSET $3
 GET /blog 200 in 4.3s (compile: 3.3s, render: 1013ms)
 GET /api/auth/me 401 in 25ms (compile: 10ms, render: 15ms)
 GET / 200 in 71ms (compile: 11ms, render: 60ms)
 GET /api/auth/me 401 in 24ms (compile: 6ms, render: 18ms)
prisma:query SELECT "public"."Certificate"."id", "public"."Certificate"."title", "public"."Certificate"."slug", "public"."Certificate"."courseName", "public"."Certificate"."platform", "public"."Certificate"."category", "public"."Certificate"."categoryId", "public"."Certificate"."duration", "public"."Certificate"."pricingType", "public"."Certificate"."courseContent", "public"."Certificate"."benefits", "public"."Certificate"."certificateUrl", "public"."Certificate"."description", "public"."Certificate"."imageUrl", "public"."Certificate"."link", "public"."Certificate"."metaTitle", "public"."Certificate"."metaDescription", "public"."Certificate"."keywords", "public"."Certificate"."issuedAt", "public"."Certificate"."createdAt", "public"."Certificate"."updatedAt" FROM "public"."Certificate" WHERE 1=1 ORDER BY "public"."Certificate"."createdAt" DESC OFFSET $1
prisma:query SELECT "public"."Category"."id", "public"."Category"."name", "public"."Category"."slug", "public"."Category"."description", "public"."Category"."createdAt", "public"."Category"."updatedAt" FROM "public"."Category" WHERE "public"."Category"."id" IN ($1,$2,$3,$4,$5) OFFSET $6
 GET /api/certificates 200 in 565ms (compile: 11ms, render: 554ms)
prisma:query SELECT "public"."Certificate"."id", "public"."Certificate"."title", "public"."Certificate"."slug", "public"."Certificate"."courseName", "public"."Certificate"."platform", "public"."Certificate"."category", "public"."Certificate"."categoryId", "public"."Certificate"."duration", "public"."Certificate"."pricingType", "public"."Certificate"."courseContent", "public"."Certificate"."benefits", "public"."Certificate"."certificateUrl", "public"."Certificate"."description", "public"."Certificate"."imageUrl", "public"."Certificate"."link", "public"."Certificate"."metaTitle", "public"."Certificate"."metaDescription", "public"."Certificate"."keywords", "public"."Certificate"."issuedAt", "public"."Certificate"."createdAt", "public"."Certificate"."updatedAt" FROM "public"."Certificate" WHERE 1=1 ORDER BY "public"."Certificate"."createdAt" DESC OFFSET $1
prisma:query SELECT "public"."Category"."id", "public"."Category"."name", "public"."Category"."slug", "public"."Category"."description", "public"."Category"."createdAt", "public"."Category"."updatedAt" FROM "public"."Category" WHERE "public"."Category"."id" IN ($1,$2,$3,$4,$5) OFFSET $6
 GET /api/certificates 200 in 511ms (compile: 10ms, render: 502ms)
prisma:query SELECT 1
prisma:query SELECT 1
prisma:query SELECT "public"."Ad"."id", "public"."Ad"."title", "public"."Ad"."adCode", "public"."Ad"."placement"::text, "public"."Ad"."active", "public"."Ad"."createdAt", "public"."Ad"."updatedAt" FROM "public"."Ad" WHERE ("public"."Ad"."placement" = CAST($1::text AS "public"."AdPlacement") AND "public"."Ad"."active" = $2) ORDER BY "public"."Ad"."createdAt" DESC OFFSET $3
prisma:query SELECT "public"."Ad"."id", "public"."Ad"."title", "public"."Ad"."adCode", "public"."Ad"."placement"::text, "public"."Ad"."active", "public"."Ad"."createdAt", "public"."Ad"."updatedAt" FROM "public"."Ad" WHERE ("public"."Ad"."placement" = CAST($1::text AS "public"."AdPlacement") AND "public"."Ad"."active" = $2) ORDER BY "public"."Ad"."createdAt" DESC OFFSET $3
 GET /admin 307 in 1651ms (compile: 989ms, render: 662ms)
prisma:query SELECT "public"."Ad"."id", "public"."Ad"."title", "public"."Ad"."adCode", "public"."Ad"."placement"::text, "public"."Ad"."active", "public"."Ad"."createdAt", "public"."Ad"."updatedAt" FROM "public"."Ad" WHERE ("public"."Ad"."placement" = CAST($1::text AS "public"."AdPlacement") AND "public"."Ad"."active" = $2) ORDER BY "public"."Ad"."createdAt" DESC OFFSET $3
prisma:query SELECT "public"."Ad"."id", "public"."Ad"."title", "public"."Ad"."adCode", "public"."Ad"."placement"::text, "public"."Ad"."active", "public"."Ad"."createdAt", "public"."Ad"."updatedAt" FROM "public"."Ad" WHERE ("public"."Ad"."placement" = CAST($1::text AS "public"."AdPlacement") AND "public"."Ad"."active" = $2) ORDER BY "public"."Ad"."createdAt" DESC OFFSET $3
 GET /admin/login 200 in 2.4s (compile: 2.1s, render: 338ms)
 GET /api/auth/me 401 in 23ms (compile: 8ms, render: 15ms)
prisma:query SELECT 1
prisma:query SELECT COUNT(*) AS "_count._all" FROM (SELECT "public"."User"."id" FROM "public"."User" WHERE "public"."User"."role" = $1 OFFSET $2) AS "sub"
prisma:query SELECT "public"."User"."id", "public"."User"."email", "public"."User"."password", "public"."User"."role", "public"."User"."createdAt" FROM "public"."User" WHERE ("public"."User"."email" = $1 AND 1=1) LIMIT $2 OFFSET $3
prisma:query SELECT "public"."Ad"."id", "public"."Ad"."title", "public"."Ad"."adCode", "public"."Ad"."placement"::text, "public"."Ad"."active", "public"."Ad"."createdAt", "public"."Ad"."updatedAt" FROM "public"."Ad" WHERE ("public"."Ad"."placement" = CAST($1::text AS "public"."AdPlacement") AND "public"."Ad"."active" = $2) ORDER BY "public"."Ad"."createdAt" DESC OFFSET $3
prisma:query SELECT 1
prisma:query SELECT "public"."Ad"."id", "public"."Ad"."title", "public"."Ad"."adCode", "public"."Ad"."placement"::text, "public"."Ad"."active", "public"."Ad"."createdAt", "public"."Ad"."updatedAt" FROM "public"."Ad" WHERE ("public"."Ad"."placement" = CAST($1::text AS "public"."AdPlacement") AND "public"."Ad"."active" = $2) ORDER BY "public"."Ad"."createdAt" DESC OFFSET $3
prisma:query SELECT COUNT(*) AS "_count._all" FROM (SELECT "public"."Ad"."id" FROM "public"."Ad" WHERE "public"."Ad"."active" = $1 OFFSET $2) AS "sub"
prisma:query SELECT COUNT(*) AS "_count._all" FROM (SELECT "public"."Certificate"."id" FROM "public"."Certificate" WHERE 1=1 OFFSET $1) AS "sub"
prisma:query SELECT COUNT(*) AS "_count._all" FROM (SELECT "public"."Category"."id" FROM "public"."Category" WHERE 1=1 OFFSET $1) AS "sub"
prisma:query SELECT COUNT(*) AS "_count._all" FROM (SELECT "public"."Ad"."id" FROM "public"."Ad" WHERE 1=1 OFFSET $1) AS "sub"
prisma:query SELECT COUNT(*) AS "_count._all" FROM (SELECT "public"."Blog"."id" FROM "public"."Blog" WHERE 1=1 OFFSET $1) AS "sub"
prisma:query SELECT COUNT(*) AS "_count._all" FROM (SELECT "public"."Blog"."id" FROM "public"."Blog" WHERE "public"."Blog"."published" = $1 OFFSET $2) AS "sub"
prisma:query SELECT "public"."Blog"."id", "public"."Blog"."title", "public"."Blog"."slug", "public"."Blog"."content", "public"."Blog"."featuredImage", "public"."Blog"."metaTitle", "public"."Blog"."metaDescription", "public"."Blog"."published", "public"."Blog"."createdAt", "public"."Blog"."updatedAt" FROM "public"."Blog" WHERE 1=1 ORDER BY "public"."Blog"."createdAt" DESC LIMIT $1 OFFSET $2
 GET /admin/dashboard 200 in 3.6s (compile: 1978ms, render: 1633ms)
 POST /admin/login 303 in 5.2s (compile: 14ms, render: 5.1s)
 GET /api/auth/me 200 in 26ms (compile: 5ms, render: 20ms)
prisma:query SELECT 1
prisma:query SELECT "public"."Category"."id", "public"."Category"."name", "public"."Category"."slug", "public"."Category"."description", "public"."Category"."createdAt", "public"."Category"."updatedAt", COALESCE("aggr_selection_0_Certificate"."_aggr_count_certificates", 0) AS "_aggr_count_certificates" FROM "public"."Category" LEFT JOIN (SELECT "public"."Certificate"."categoryId", COUNT(*) AS "_aggr_count_certificates" FROM "public"."Certificate" WHERE 1=1 GROUP BY "public"."Certificate"."categoryId") AS "aggr_selection_0_Certificate" ON ("public"."Category"."id" = "aggr_selection_0_Certificate"."categoryId") WHERE 1=1 ORDER BY "public"."Category"."createdAt" DESC OFFSET $1
 GET /admin/categories 200 in 2.3s (compile: 1562ms, render: 716ms)
 GET /api/auth/me 200 in 54ms (compile: 11ms, render: 43ms)
prisma:query SELECT 1
prisma:query SELECT "public"."Blog"."id", "public"."Blog"."title", "public"."Blog"."slug", "public"."Blog"."content", "public"."Blog"."featuredImage", "public"."Blog"."metaTitle", "public"."Blog"."metaDescription", "public"."Blog"."published", "public"."Blog"."createdAt", "public"."Blog"."updatedAt" FROM "public"."Blog" WHERE 1=1 ORDER BY "public"."Blog"."createdAt" DESC OFFSET $1
 GET /admin/blog 200 in 1854ms (compile: 1395ms, render: 459ms)
 GET /api/auth/me 200 in 19ms (compile: 5ms, render: 14ms)
prisma:query SELECT 1
prisma:query SELECT 1
prisma:query SELECT "public"."Ad"."id", "public"."Ad"."title", "public"."Ad"."adCode", "public"."Ad"."placement"::text, "public"."Ad"."active", "public"."Ad"."createdAt", "public"."Ad"."updatedAt" FROM "public"."Ad" WHERE 1=1 ORDER BY "public"."Ad"."createdAt" DESC OFFSET $1
 GET /admin/ads 200 in 1843ms (compile: 1359ms, render: 484ms)
prisma:query SELECT "public"."Ad"."id", "public"."Ad"."title", "public"."Ad"."adCode", "public"."Ad"."placement"::text, "public"."Ad"."active", "public"."Ad"."createdAt", "public"."Ad"."updatedAt" FROM "public"."Ad" WHERE 1=1 ORDER BY "public"."Ad"."createdAt" DESC OFFSET $1
 GET /admin/ads 200 in 3.3s (compile: 12ms, render: 3.3s)
 GET /api/auth/me 200 in 18ms (compile: 6ms, render: 12ms)
 GET /api/auth/me 401 in 14ms (compile: 4ms, render: 10ms)
prisma:query SELECT 1
prisma:query SELECT 1
prisma:query SELECT "public"."Ad"."id", "public"."Ad"."title", "public"."Ad"."adCode", "public"."Ad"."placement"::text, "public"."Ad"."active", "public"."Ad"."createdAt", "public"."Ad"."updatedAt" FROM "public"."Ad" WHERE ("public"."Ad"."placement" = CAST($1::text AS "public"."AdPlacement") AND "public"."Ad"."active" = $2) ORDER BY "public"."Ad"."createdAt" DESC OFFSET $3
prisma:query SELECT "public"."Ad"."id", "public"."Ad"."title", "public"."Ad"."adCode", "public"."Ad"."placement"::text, "public"."Ad"."active", "public"."Ad"."createdAt", "public"."Ad"."updatedAt" FROM "public"."Ad" WHERE ("public"."Ad"."placement" = CAST($1::text AS "public"."AdPlacement") AND "public"."Ad"."active" = $2) ORDER BY "public"."Ad"."createdAt" DESC OFFSET $3
 GET /admin/login 200 in 1370ms (compile: 16ms, render: 1354ms)
 POST /admin/ads 303 in 1615ms (compile: 23ms, render: 1592ms)
 GET / 200 in 115ms (compile: 29ms, render: 86ms)
 GET /api/auth/me 401 in 13ms (compile: 3ms, render: 10ms)
prisma:query SELECT "public"."Certificate"."id", "public"."Certificate"."title", "public"."Certificate"."slug", "public"."Certificate"."courseName", "public"."Certificate"."platform", "public"."Certificate"."category", "public"."Certificate"."categoryId", "public"."Certificate"."duration", "public"."Certificate"."pricingType", "public"."Certificate"."courseContent", "public"."Certificate"."benefits", "public"."Certificate"."certificateUrl", "public"."Certificate"."description", "public"."Certificate"."imageUrl", "public"."Certificate"."link", "public"."Certificate"."metaTitle", "public"."Certificate"."metaDescription", "public"."Certificate"."keywords", "public"."Certificate"."issuedAt", "public"."Certificate"."createdAt", "public"."Certificate"."updatedAt" FROM "public"."Certificate" WHERE 1=1 ORDER BY "public"."Certificate"."createdAt" DESC OFFSET $1
prisma:query SELECT "public"."Category"."id", "public"."Category"."name", "public"."Category"."slug", "public"."Category"."description", "public"."Category"."createdAt", "public"."Category"."updatedAt" FROM "public"."Category" WHERE "public"."Category"."id" IN ($1,$2,$3,$4,$5) OFFSET $6
 GET /api/certificates 200 in 1243ms (compile: 6ms, render: 1237ms)
prisma:query SELECT "public"."Certificate"."id", "public"."Certificate"."title", "public"."Certificate"."slug", "public"."Certificate"."courseName", "public"."Certificate"."platform", "public"."Certificate"."category", "public"."Certificate"."categoryId", "public"."Certificate"."duration", "public"."Certificate"."pricingType", "public"."Certificate"."courseContent", "public"."Certificate"."benefits", "public"."Certificate"."certificateUrl", "public"."Certificate"."description", "public"."Certificate"."imageUrl", "public"."Certificate"."link", "public"."Certificate"."metaTitle", "public"."Certificate"."metaDescription", "public"."Certificate"."keywords", "public"."Certificate"."issuedAt", "public"."Certificate"."createdAt", "public"."Certificate"."updatedAt" FROM "public"."Certificate" WHERE 1=1 ORDER BY "public"."Certificate"."createdAt" DESC OFFSET $1
prisma:query SELECT "public"."Category"."id", "public"."Category"."name", "public"."Category"."slug", "public"."Category"."description", "public"."Category"."createdAt", "public"."Category"."updatedAt" FROM "public"."Category" WHERE "public"."Category"."id" IN ($1,$2,$3,$4,$5) OFFSET $6
 GET /api/certificates 200 in 543ms (compile: 5ms, render: 538ms)
✓ Compiled in 5.4s
prisma:query SELECT 1
prisma:query SELECT 1
prisma:query SELECT 1
prisma:query SELECT 1
prisma:query SELECT "public"."Ad"."id", "public"."Ad"."title", "public"."Ad"."adCode", "public"."Ad"."placement"::text, "public"."Ad"."active", "public"."Ad"."createdAt", "public"."Ad"."updatedAt" FROM "public"."Ad" WHERE ("public"."Ad"."placement" = CAST($1::text AS "public"."AdPlacement") AND "public"."Ad"."active" = $2) ORDER BY "public"."Ad"."createdAt" DESC OFFSET $3
prisma:query SELECT "public"."Ad"."id", "public"."Ad"."title", "public"."Ad"."adCode", "public"."Ad"."placement"::text, "public"."Ad"."active", "public"."Ad"."createdAt", "public"."Ad"."updatedAt" FROM "public"."Ad" WHERE ("public"."Ad"."placement" = CAST($1::text AS "public"."AdPlacement") AND "public"."Ad"."active" = $2) ORDER BY "public"."Ad"."createdAt" DESC OFFSET $3
prisma:query SELECT 1
prisma:query SELECT 1
prisma:query SELECT "public"."Ad"."id", "public"."Ad"."title", "public"."Ad"."adCode", "public"."Ad"."placement"::text, "public"."Ad"."active", "public"."Ad"."createdAt", "public"."Ad"."updatedAt" FROM "public"."Ad" WHERE ("public"."Ad"."placement" = CAST($1::text AS "public"."AdPlacement") AND "public"."Ad"."active" = $2) ORDER BY "public"."Ad"."createdAt" DESC OFFSET $3
prisma:query SELECT "public"."Ad"."id", "public"."Ad"."title", "public"."Ad"."adCode", "public"."Ad"."placement"::text, "public"."Ad"."active", "public"."Ad"."createdAt", "public"."Ad"."updatedAt" FROM "public"."Ad" WHERE ("public"."Ad"."placement" = CAST($1::text AS "public"."AdPlacement") AND "public"."Ad"."active" = $2) ORDER BY "public"."Ad"."createdAt" DESC OFFSET $3
 GET / 200 in 9.7s (compile: 7.7s, render: 1952ms)
prisma:query SELECT "public"."Ad"."id", "public"."Ad"."title", "public"."Ad"."adCode", "public"."Ad"."placement"::text, "public"."Ad"."active", "public"."Ad"."createdAt", "public"."Ad"."updatedAt" FROM "public"."Ad" WHERE ("public"."Ad"."placement" = CAST($1::text AS "public"."AdPlacement") AND "public"."Ad"."active" = $2) ORDER BY "public"."Ad"."createdAt" DESC OFFSET $3
prisma:query SELECT "public"."Ad"."id", "public"."Ad"."title", "public"."Ad"."adCode", "public"."Ad"."placement"::text, "public"."Ad"."active", "public"."Ad"."createdAt", "public"."Ad"."updatedAt" FROM "public"."Ad" WHERE ("public"."Ad"."placement" = CAST($1::text AS "public"."AdPlacement") AND "public"."Ad"."active" = $2) ORDER BY "public"."Ad"."createdAt" DESC OFFSET $3
prisma:query SELECT "public"."Ad"."id", "public"."Ad"."title", "public"."Ad"."adCode", "public"."Ad"."placement"::text, "public"."Ad"."active", "public"."Ad"."createdAt", "public"."Ad"."updatedAt" FROM "public"."Ad" WHERE ("public"."Ad"."placement" = CAST($1::text AS "public"."AdPlacement") AND "public"."Ad"."active" = $2) ORDER BY "public"."Ad"."createdAt" DESC OFFSET $3
prisma:query SELECT "public"."Ad"."id", "public"."Ad"."title", "public"."Ad"."adCode", "public"."Ad"."placement"::text, "public"."Ad"."active", "public"."Ad"."createdAt", "public"."Ad"."updatedAt" FROM "public"."Ad" WHERE ("public"."Ad"."placement" = CAST($1::text AS "public"."AdPlacement") AND "public"."Ad"."active" = $2) ORDER BY "public"."Ad"."createdAt" DESC OFFSET $3
 GET / 200 in 658ms (compile: 59ms, render: 599ms)
prisma:query SELECT "public"."Ad"."id", "public"."Ad"."title", "public"."Ad"."adCode", "public"."Ad"."placement"::text, "public"."Ad"."active", "public"."Ad"."createdAt", "public"."Ad"."updatedAt" FROM "public"."Ad" WHERE ("public"."Ad"."placement" = CAST($1::text AS "public"."AdPlacement") AND "public"."Ad"."active" = $2) ORDER BY "public"."Ad"."createdAt" DESC OFFSET $3
prisma:query SELECT "public"."Ad"."id", "public"."Ad"."title", "public"."Ad"."adCode", "public"."Ad"."placement"::text, "public"."Ad"."active", "public"."Ad"."createdAt", "public"."Ad"."updatedAt" FROM "public"."Ad" WHERE ("public"."Ad"."placement" = CAST($1::text AS "public"."AdPlacement") AND "public"."Ad"."active" = $2) ORDER BY "public"."Ad"."createdAt" DESC OFFSET $3
 GET / 200 in 717ms (compile: 10ms, render: 707ms)
prisma:query SELECT "public"."Ad"."id", "public"."Ad"."title", "public"."Ad"."adCode", "public"."Ad"."placement"::text, "public"."Ad"."active", "public"."Ad"."createdAt", "public"."Ad"."updatedAt" FROM "public"."Ad" WHERE ("public"."Ad"."placement" = CAST($1::text AS "public"."AdPlacement") AND "public"."Ad"."active" = $2) ORDER BY "public"."Ad"."createdAt" DESC OFFSET $3
prisma:query SELECT "public"."Ad"."id", "public"."Ad"."title", "public"."Ad"."adCode", "public"."Ad"."placement"::text, "public"."Ad"."active", "public"."Ad"."createdAt", "public"."Ad"."updatedAt" FROM "public"."Ad" WHERE ("public"."Ad"."placement" = CAST($1::text AS "public"."AdPlacement") AND "public"."Ad"."active" = $2) ORDER BY "public"."Ad"."createdAt" DESC OFFSET $3
 GET / 200 in 573ms (compile: 13ms, render: 559ms)
prisma:query SELECT "public"."Ad"."id", "public"."Ad"."title", "public"."Ad"."adCode", "public"."Ad"."placement"::text, "public"."Ad"."active", "public"."Ad"."createdAt", "public"."Ad"."updatedAt" FROM "public"."Ad" WHERE ("public"."Ad"."placement" = CAST($1::text AS "public"."AdPlacement") AND "public"."Ad"."active" = $2) ORDER BY "public"."Ad"."createdAt" DESC OFFSET $3
prisma:query SELECT "public"."Ad"."id", "public"."Ad"."title", "public"."Ad"."adCode", "public"."Ad"."placement"::text, "public"."Ad"."active", "public"."Ad"."createdAt", "public"."Ad"."updatedAt" FROM "public"."Ad" WHERE ("public"."Ad"."placement" = CAST($1::text AS "public"."AdPlacement") AND "public"."Ad"."active" = $2) ORDER BY "public"."Ad"."createdAt" DESC OFFSET $3
 GET / 200 in 456ms (compile: 25ms, render: 431ms)
prisma:query SELECT "public"."Ad"."id", "public"."Ad"."title", "public"."Ad"."adCode", "public"."Ad"."placement"::text, "public"."Ad"."active", "public"."Ad"."createdAt", "public"."Ad"."updatedAt" FROM "public"."Ad" WHERE ("public"."Ad"."placement" = CAST($1::text AS "public"."AdPlacement") AND "public"."Ad"."active" = $2) ORDER BY "public"."Ad"."createdAt" DESC OFFSET $3
prisma:query SELECT "public"."Ad"."id", "public"."Ad"."title", "public"."Ad"."adCode", "public"."Ad"."placement"::text, "public"."Ad"."active", "public"."Ad"."createdAt", "public"."Ad"."updatedAt" FROM "public"."Ad" WHERE ("public"."Ad"."placement" = CAST($1::text AS "public"."AdPlacement") AND "public"."Ad"."active" = $2) ORDER BY "public"."Ad"."createdAt" DESC OFFSET $3
 GET / 200 in 421ms (compile: 14ms, render: 407ms)
prisma:query SELECT "public"."Ad"."id", "public"."Ad"."title", "public"."Ad"."adCode", "public"."Ad"."placement"::text, "public"."Ad"."active", "public"."Ad"."createdAt", "public"."Ad"."updatedAt" FROM "public"."Ad" WHERE ("public"."Ad"."placement" = CAST($1::text AS "public"."AdPlacement") AND "public"."Ad"."active" = $2) ORDER BY "public"."Ad"."createdAt" DESC OFFSET $3
prisma:query SELECT "public"."Ad"."id", "public"."Ad"."title", "public"."Ad"."adCode", "public"."Ad"."placement"::text, "public"."Ad"."active", "public"."Ad"."createdAt", "public"."Ad"."updatedAt" FROM "public"."Ad" WHERE ("public"."Ad"."placement" = CAST($1::text AS "public"."AdPlacement") AND "public"."Ad"."active" = $2) ORDER BY "public"."Ad"."createdAt" DESC OFFSET $3
 GET / 200 in 459ms (compile: 12ms, render: 446ms)
prisma:query SELECT "public"."Ad"."id", "public"."Ad"."title", "public"."Ad"."adCode", "public"."Ad"."placement"::text, "public"."Ad"."active", "public"."Ad"."createdAt", "public"."Ad"."updatedAt" FROM "public"."Ad" WHERE ("public"."Ad"."placement" = CAST($1::text AS "public"."AdPlacement") AND "public"."Ad"."active" = $2) ORDER BY "public"."Ad"."createdAt" DESC OFFSET $3
prisma:query SELECT "public"."Ad"."id", "public"."Ad"."title", "public"."Ad"."adCode", "public"."Ad"."placement"::text, "public"."Ad"."active", "public"."Ad"."createdAt", "public"."Ad"."updatedAt" FROM "public"."Ad" WHERE ("public"."Ad"."placement" = CAST($1::text AS "public"."AdPlacement") AND "public"."Ad"."active" = $2) ORDER BY "public"."Ad"."createdAt" DESC OFFSET $3
 GET / 200 in 489ms (compile: 7ms, render: 481ms)
prisma:query SELECT "public"."Ad"."id", "public"."Ad"."title", "public"."Ad"."adCode", "public"."Ad"."placement"::text, "public"."Ad"."active", "public"."Ad"."createdAt", "public"."Ad"."updatedAt" FROM "public"."Ad" WHERE ("public"."Ad"."placement" = CAST($1::text AS "public"."AdPlacement") AND "public"."Ad"."active" = $2) ORDER BY "public"."Ad"."createdAt" DESC OFFSET $3
prisma:query SELECT "public"."Ad"."id", "public"."Ad"."title", "public"."Ad"."adCode", "public"."Ad"."placement"::text, "public"."Ad"."active", "public"."Ad"."createdAt", "public"."Ad"."updatedAt" FROM "public"."Ad" WHERE ("public"."Ad"."placement" = CAST($1::text AS "public"."AdPlacement") AND "public"."Ad"."active" = $2) ORDER BY "public"."Ad"."createdAt" DESC OFFSET $3
prisma:query SELECT "public"."Ad"."id", "public"."Ad"."title", "public"."Ad"."adCode", "public"."Ad"."placement"::text, "public"."Ad"."active", "public"."Ad"."createdAt", "public"."Ad"."updatedAt" FROM "public"."Ad" WHERE ("public"."Ad"."placement" = CAST($1::text AS "public"."AdPlacement") AND "public"."Ad"."active" = $2) ORDER BY "public"."Ad"."createdAt" DESC OFFSET $3
prisma:query SELECT "public"."Ad"."id", "public"."Ad"."title", "public"."Ad"."adCode", "public"."Ad"."placement"::text, "public"."Ad"."active", "public"."Ad"."createdAt", "public"."Ad"."updatedAt" FROM "public"."Ad" WHERE ("public"."Ad"."placement" = CAST($1::text AS "public"."AdPlacement") AND "public"."Ad"."active" = $2) ORDER BY "public"."Ad"."createdAt" DESC OFFSET $3
 GET / 200 in 652ms (compile: 9ms, render: 643ms)
 GET / 200 in 574ms (compile: 16ms, render: 559ms)
prisma:query SELECT "public"."Ad"."id", "public"."Ad"."title", "public"."Ad"."adCode", "public"."Ad"."placement"::text, "public"."Ad"."active", "public"."Ad"."createdAt", "public"."Ad"."updatedAt" FROM "public"."Ad" WHERE ("public"."Ad"."placement" = CAST($1::text AS "public"."AdPlacement") AND "public"."Ad"."active" = $2) ORDER BY "public"."Ad"."createdAt" DESC OFFSET $3
prisma:query SELECT "public"."Ad"."id", "public"."Ad"."title", "public"."Ad"."adCode", "public"."Ad"."placement"::text, "public"."Ad"."active", "public"."Ad"."createdAt", "public"."Ad"."updatedAt" FROM "public"."Ad" WHERE ("public"."Ad"."placement" = CAST($1::text AS "public"."AdPlacement") AND "public"."Ad"."active" = $2) ORDER BY "public"."Ad"."createdAt" DESC OFFSET $3
 GET / 200 in 540ms (compile: 21ms, render: 519ms)
prisma:query SELECT "public"."Ad"."id", "public"."Ad"."title", "public"."Ad"."adCode", "public"."Ad"."placement"::text, "public"."Ad"."active", "public"."Ad"."createdAt", "public"."Ad"."updatedAt" FROM "public"."Ad" WHERE ("public"."Ad"."placement" = CAST($1::text AS "public"."AdPlacement") AND "public"."Ad"."active" = $2) ORDER BY "public"."Ad"."createdAt" DESC OFFSET $3
 GET / 200 in 505ms (compile: 26ms, render: 479ms)
prisma:query SELECT "public"."Ad"."id", "public"."Ad"."title", "public"."Ad"."adCode", "public"."Ad"."placement"::text, "public"."Ad"."active", "public"."Ad"."createdAt", "public"."Ad"."updatedAt" FROM "public"."Ad" WHERE ("public"."Ad"."placement" = CAST($1::text AS "public"."AdPlacement") AND "public"."Ad"."active" = $2) ORDER BY "public"."Ad"."createdAt" DESC OFFSET $3
prisma:query SELECT "public"."Ad"."id", "public"."Ad"."title", "public"."Ad"."adCode", "public"."Ad"."placement"::text, "public"."Ad"."active", "public"."Ad"."createdAt", "public"."Ad"."updatedAt" FROM "public"."Ad" WHERE ("public"."Ad"."placement" = CAST($1::text AS "public"."AdPlacement") AND "public"."Ad"."active" = $2) ORDER BY "public"."Ad"."createdAt" DESC OFFSET $3
prisma:query SELECT "public"."Ad"."id", "public"."Ad"."title", "public"."Ad"."adCode", "public"."Ad"."placement"::text, "public"."Ad"."active", "public"."Ad"."createdAt", "public"."Ad"."updatedAt" FROM "public"."Ad" WHERE ("public"."Ad"."placement" = CAST($1::text AS "public"."AdPlacement") AND "public"."Ad"."active" = $2) ORDER BY "public"."Ad"."createdAt" DESC OFFSET $3
 GET / 200 in 415ms (compile: 10ms, render: 405ms)
 GET / 200 in 1656ms (compile: 11ms, render: 1645ms)
prisma:query SELECT "public"."Ad"."id", "public"."Ad"."title", "public"."Ad"."adCode", "public"."Ad"."placement"::text, "public"."Ad"."active", "public"."Ad"."createdAt", "public"."Ad"."updatedAt" FROM "public"."Ad" WHERE ("public"."Ad"."placement" = CAST($1::text AS "public"."AdPlacement") AND "public"."Ad"."active" = $2) ORDER BY "public"."Ad"."createdAt" DESC OFFSET $3
prisma:query SELECT "public"."Ad"."id", "public"."Ad"."title", "public"."Ad"."adCode", "public"."Ad"."placement"::text, "public"."Ad"."active", "public"."Ad"."createdAt", "public"."Ad"."updatedAt" FROM "public"."Ad" WHERE ("public"."Ad"."placement" = CAST($1::text AS "public"."AdPlacement") AND "public"."Ad"."active" = $2) ORDER BY "public"."Ad"."createdAt" DESC OFFSET $3
 GET / 200 in 429ms (compile: 15ms, render: 414ms)
prisma:query SELECT "public"."Ad"."id", "public"."Ad"."title", "public"."Ad"."adCode", "public"."Ad"."placement"::text, "public"."Ad"."active", "public"."Ad"."createdAt", "public"."Ad"."updatedAt" FROM "public"."Ad" WHERE ("public"."Ad"."placement" = CAST($1::text AS "public"."AdPlacement") AND "public"."Ad"."active" = $2) ORDER BY "public"."Ad"."createdAt" DESC OFFSET $3
prisma:query SELECT "public"."Ad"."id", "public"."Ad"."title", "public"."Ad"."adCode", "public"."Ad"."placement"::text, "public"."Ad"."active", "public"."Ad"."createdAt", "public"."Ad"."updatedAt" FROM "public"."Ad" WHERE ("public"."Ad"."placement" = CAST($1::text AS "public"."AdPlacement") AND "public"."Ad"."active" = $2) ORDER BY "public"."Ad"."createdAt" DESC OFFSET $3
 GET / 200 in 371ms (compile: 18ms, render: 353ms)
prisma:query SELECT "public"."Ad"."id", "public"."Ad"."title", "public"."Ad"."adCode", "public"."Ad"."placement"::text, "public"."Ad"."active", "public"."Ad"."createdAt", "public"."Ad"."updatedAt" FROM "public"."Ad" WHERE ("public"."Ad"."placement" = CAST($1::text AS "public"."AdPlacement") AND "public"."Ad"."active" = $2) ORDER BY "public"."Ad"."createdAt" DESC OFFSET $3
prisma:query SELECT "public"."Ad"."id", "public"."Ad"."title", "public"."Ad"."adCode", "public"."Ad"."placement"::text, "public"."Ad"."active", "public"."Ad"."createdAt", "public"."Ad"."updatedAt" FROM "public"."Ad" WHERE ("public"."Ad"."placement" = CAST($1::text AS "public"."AdPlacement") AND "public"."Ad"."active" = $2) ORDER BY "public"."Ad"."createdAt" DESC OFFSET $3
prisma:query SELECT "public"."Ad"."id", "public"."Ad"."title", "public"."Ad"."adCode", "public"."Ad"."placement"::text, "public"."Ad"."active", "public"."Ad"."createdAt", "public"."Ad"."updatedAt" FROM "public"."Ad" WHERE ("public"."Ad"."placement" = CAST($1::text AS "public"."AdPlacement") AND "public"."Ad"."active" = $2) ORDER BY "public"."Ad"."createdAt" DESC OFFSET $3
prisma:query SELECT "public"."Ad"."id", "public"."Ad"."title", "public"."Ad"."adCode", "public"."Ad"."placement"::text, "public"."Ad"."active", "public"."Ad"."createdAt", "public"."Ad"."updatedAt" FROM "public"."Ad" WHERE ("public"."Ad"."placement" = CAST($1::text AS "public"."AdPlacement") AND "public"."Ad"."active" = $2) ORDER BY "public"."Ad"."createdAt" DESC OFFSET $3
prisma:query SELECT "public"."Ad"."id", "public"."Ad"."title", "public"."Ad"."adCode", "public"."Ad"."placement"::text, "public"."Ad"."active", "public"."Ad"."createdAt", "public"."Ad"."updatedAt" FROM "public"."Ad" WHERE ("public"."Ad"."placement" = CAST($1::text AS "public"."AdPlacement") AND "public"."Ad"."active" = $2) ORDER BY "public"."Ad"."createdAt" DESC OFFSET $3
prisma:query SELECT "public"."Ad"."id", "public"."Ad"."title", "public"."Ad"."adCode", "public"."Ad"."placement"::text, "public"."Ad"."active", "public"."Ad"."createdAt", "public"."Ad"."updatedAt" FROM "public"."Ad" WHERE ("public"."Ad"."placement" = CAST($1::text AS "public"."AdPlacement") AND "public"."Ad"."active" = $2) ORDER BY "public"."Ad"."createdAt" DESC OFFSET $3
 GET / 200 in 431ms (compile: 9ms, render: 423ms)
 GET / 200 in 411ms (compile: 7ms, render: 404ms)
prisma:query SELECT "public"."Ad"."id", "public"."Ad"."title", "public"."Ad"."adCode", "public"."Ad"."placement"::text, "public"."Ad"."active", "public"."Ad"."createdAt", "public"."Ad"."updatedAt" FROM "public"."Ad" WHERE ("public"."Ad"."placement" = CAST($1::text AS "public"."AdPlacement") AND "public"."Ad"."active" = $2) ORDER BY "public"."Ad"."createdAt" DESC OFFSET $3
prisma:query SELECT "public"."Ad"."id", "public"."Ad"."title", "public"."Ad"."adCode", "public"."Ad"."placement"::text, "public"."Ad"."active", "public"."Ad"."createdAt", "public"."Ad"."updatedAt" FROM "public"."Ad" WHERE ("public"."Ad"."placement" = CAST($1::text AS "public"."AdPlacement") AND "public"."Ad"."active" = $2) ORDER BY "public"."Ad"."createdAt" DESC OFFSET $3
 GET / 200 in 469ms (compile: 7ms, render: 462ms)
prisma:query SELECT "public"."Ad"."id", "public"."Ad"."title", "public"."Ad"."adCode", "public"."Ad"."placement"::text, "public"."Ad"."active", "public"."Ad"."createdAt", "public"."Ad"."updatedAt" FROM "public"."Ad" WHERE ("public"."Ad"."placement" = CAST($1::text AS "public"."AdPlacement") AND "public"."Ad"."active" = $2) ORDER BY "public"."Ad"."createdAt" DESC OFFSET $3
prisma:query SELECT "public"."Ad"."id", "public"."Ad"."title", "public"."Ad"."adCode", "public"."Ad"."placement"::text, "public"."Ad"."active", "public"."Ad"."createdAt", "public"."Ad"."updatedAt" FROM "public"."Ad" WHERE ("public"."Ad"."placement" = CAST($1::text AS "public"."AdPlacement") AND "public"."Ad"."active" = $2) ORDER BY "public"."Ad"."createdAt" DESC OFFSET $3
 GET / 200 in 468ms (compile: 7ms, render: 461ms)
prisma:query SELECT "public"."Ad"."id", "public"."Ad"."title", "public"."Ad"."adCode", "public"."Ad"."placement"::text, "public"."Ad"."active", "public"."Ad"."createdAt", "public"."Ad"."updatedAt" FROM "public"."Ad" WHERE ("public"."Ad"."placement" = CAST($1::text AS "public"."AdPlacement") AND "public"."Ad"."active" = $2) ORDER BY "public"."Ad"."createdAt" DESC OFFSET $3
prisma:query SELECT "public"."Ad"."id", "public"."Ad"."title", "public"."Ad"."adCode", "public"."Ad"."placement"::text, "public"."Ad"."active", "public"."Ad"."createdAt", "public"."Ad"."updatedAt" FROM "public"."Ad" WHERE ("public"."Ad"."placement" = CAST($1::text AS "public"."AdPlacement") AND "public"."Ad"."active" = $2) ORDER BY "public"."Ad"."createdAt" DESC OFFSET $3
 GET / 200 in 505ms (compile: 8ms, render: 496ms)
prisma:query SELECT "public"."Ad"."id", "public"."Ad"."title", "public"."Ad"."adCode", "public"."Ad"."placement"::text, "public"."Ad"."active", "public"."Ad"."createdAt", "public"."Ad"."updatedAt" FROM "public"."Ad" WHERE ("public"."Ad"."placement" = CAST($1::text AS "public"."AdPlacement") AND "public"."Ad"."active" = $2) ORDER BY "public"."Ad"."createdAt" DESC OFFSET $3
prisma:query SELECT "public"."Ad"."id", "public"."Ad"."title", "public"."Ad"."adCode", "public"."Ad"."placement"::text, "public"."Ad"."active", "public"."Ad"."createdAt", "public"."Ad"."updatedAt" FROM "public"."Ad" WHERE ("public"."Ad"."placement" = CAST($1::text AS "public"."AdPlacement") AND "public"."Ad"."active" = $2) ORDER BY "public"."Ad"."createdAt" DESC OFFSET $3
prisma:query SELECT "public"."Ad"."id", "public"."Ad"."title", "public"."Ad"."adCode", "public"."Ad"."placement"::text, "public"."Ad"."active", "public"."Ad"."createdAt", "public"."Ad"."updatedAt" FROM "public"."Ad" WHERE ("public"."Ad"."placement" = CAST($1::text AS "public"."AdPlacement") AND "public"."Ad"."active" = $2) ORDER BY "public"."Ad"."createdAt" DESC OFFSET $3
prisma:query SELECT "public"."Ad"."id", "public"."Ad"."title", "public"."Ad"."adCode", "public"."Ad"."placement"::text, "public"."Ad"."active", "public"."Ad"."createdAt", "public"."Ad"."updatedAt" FROM "public"."Ad" WHERE ("public"."Ad"."placement" = CAST($1::text AS "public"."AdPlacement") AND "public"."Ad"."active" = $2) ORDER BY "public"."Ad"."createdAt" DESC OFFSET $3
 GET / 200 in 381ms (compile: 9ms, render: 371ms)
prisma:query SELECT "public"."Ad"."id", "public"."Ad"."title", "public"."Ad"."adCode", "public"."Ad"."placement"::text, "public"."Ad"."active", "public"."Ad"."createdAt", "public"."Ad"."updatedAt" FROM "public"."Ad" WHERE ("public"."Ad"."placement" = CAST($1::text AS "public"."AdPlacement") AND "public"."Ad"."active" = $2) ORDER BY "public"."Ad"."createdAt" DESC OFFSET $3
prisma:query SELECT "public"."Ad"."id", "public"."Ad"."title", "public"."Ad"."adCode", "public"."Ad"."placement"::text, "public"."Ad"."active", "public"."Ad"."createdAt", "public"."Ad"."updatedAt" FROM "public"."Ad" WHERE ("public"."Ad"."placement" = CAST($1::text AS "public"."AdPlacement") AND "public"."Ad"."active" = $2) ORDER BY "public"."Ad"."createdAt" DESC OFFSET $3
 GET / 200 in 433ms (compile: 9ms, render: 424ms)
prisma:query SELECT "public"."Ad"."id", "public"."Ad"."title", "public"."Ad"."adCode", "public"."Ad"."placement"::text, "public"."Ad"."active", "public"."Ad"."createdAt", "public"."Ad"."updatedAt" FROM "public"."Ad" WHERE ("public"."Ad"."placement" = CAST($1::text AS "public"."AdPlacement") AND "public"."Ad"."active" = $2) ORDER BY "public"."Ad"."createdAt" DESC OFFSET $3
prisma:query SELECT "public"."Ad"."id", "public"."Ad"."title", "public"."Ad"."adCode", "public"."Ad"."placement"::text, "public"."Ad"."active", "public"."Ad"."createdAt", "public"."Ad"."updatedAt" FROM "public"."Ad" WHERE ("public"."Ad"."placement" = CAST($1::text AS "public"."AdPlacement") AND "public"."Ad"."active" = $2) ORDER BY "public"."Ad"."createdAt" DESC OFFSET $3
 GET / 200 in 468ms (compile: 9ms, render: 459ms)
prisma:query SELECT "public"."Ad"."id", "public"."Ad"."title", "public"."Ad"."adCode", "public"."Ad"."placement"::text, "public"."Ad"."active", "public"."Ad"."createdAt", "public"."Ad"."updatedAt" FROM "public"."Ad" WHERE ("public"."Ad"."placement" = CAST($1::text AS "public"."AdPlacement") AND "public"."Ad"."active" = $2) ORDER BY "public"."Ad"."createdAt" DESC OFFSET $3
prisma:query SELECT "public"."Ad"."id", "public"."Ad"."title", "public"."Ad"."adCode", "public"."Ad"."placement"::text, "public"."Ad"."active", "public"."Ad"."createdAt", "public"."Ad"."updatedAt" FROM "public"."Ad" WHERE ("public"."Ad"."placement" = CAST($1::text AS "public"."AdPlacement") AND "public"."Ad"."active" = $2) ORDER BY "public"."Ad"."createdAt" DESC OFFSET $3
 GET / 200 in 496ms (compile: 7ms, render: 489ms)
prisma:query SELECT "public"."Ad"."id", "public"."Ad"."title", "public"."Ad"."adCode", "public"."Ad"."placement"::text, "public"."Ad"."active", "public"."Ad"."createdAt", "public"."Ad"."updatedAt" FROM "public"."Ad" WHERE ("public"."Ad"."placement" = CAST($1::text AS "public"."AdPlacement") AND "public"."Ad"."active" = $2) ORDER BY "public"."Ad"."createdAt" DESC OFFSET $3
prisma:query SELECT "public"."Ad"."id", "public"."Ad"."title", "public"."Ad"."adCode", "public"."Ad"."placement"::text, "public"."Ad"."active", "public"."Ad"."createdAt", "public"."Ad"."updatedAt" FROM "public"."Ad" WHERE ("public"."Ad"."placement" = CAST($1::text AS "public"."AdPlacement") AND "public"."Ad"."active" = $2) ORDER BY "public"."Ad"."createdAt" DESC OFFSET $3
 GET / 200 in 549ms (compile: 7ms, render: 542ms)
prisma:query SELECT "public"."Ad"."id", "public"."Ad"."title", "public"."Ad"."adCode", "public"."Ad"."placement"::text, "public"."Ad"."active", "public"."Ad"."createdAt", "public"."Ad"."updatedAt" FROM "public"."Ad" WHERE ("public"."Ad"."placement" = CAST($1::text AS "public"."AdPlacement") AND "public"."Ad"."active" = $2) ORDER BY "public"."Ad"."createdAt" DESC OFFSET $3
prisma:query SELECT "public"."Ad"."id", "public"."Ad"."title", "public"."Ad"."adCode", "public"."Ad"."placement"::text, "public"."Ad"."active", "public"."Ad"."createdAt", "public"."Ad"."updatedAt" FROM "public"."Ad" WHERE ("public"."Ad"."placement" = CAST($1::text AS "public"."AdPlacement") AND "public"."Ad"."active" = $2) ORDER BY "public"."Ad"."createdAt" DESC OFFSET $3
 GET / 200 in 652ms (compile: 16ms, render: 637ms)
prisma:query SELECT "public"."Ad"."id", "public"."Ad"."title", "public"."Ad"."adCode", "public"."Ad"."placement"::text, "public"."Ad"."active", "public"."Ad"."createdAt", "public"."Ad"."updatedAt" FROM "public"."Ad" WHERE ("public"."Ad"."placement" = CAST($1::text AS "public"."AdPlacement") AND "public"."Ad"."active" = $2) ORDER BY "public"."Ad"."createdAt" DESC OFFSET $3
prisma:query SELECT "public"."Ad"."id", "public"."Ad"."title", "public"."Ad"."adCode", "public"."Ad"."placement"::text, "public"."Ad"."active", "public"."Ad"."createdAt", "public"."Ad"."updatedAt" FROM "public"."Ad" WHERE ("public"."Ad"."placement" = CAST($1::text AS "public"."AdPlacement") AND "public"."Ad"."active" = $2) ORDER BY "public"."Ad"."createdAt" DESC OFFSET $3
 GET / 200 in 561ms (compile: 14ms, render: 547ms)
prisma:query SELECT "public"."Ad"."id", "public"."Ad"."title", "public"."Ad"."adCode", "public"."Ad"."placement"::text, "public"."Ad"."active", "public"."Ad"."createdAt", "public"."Ad"."updatedAt" FROM "public"."Ad" WHERE ("public"."Ad"."placement" = CAST($1::text AS "public"."AdPlacement") AND "public"."Ad"."active" = $2) ORDER BY "public"."Ad"."createdAt" DESC OFFSET $3
prisma:query SELECT "public"."Ad"."id", "public"."Ad"."title", "public"."Ad"."adCode", "public"."Ad"."placement"::text, "public"."Ad"."active", "public"."Ad"."createdAt", "public"."Ad"."updatedAt" FROM "public"."Ad" WHERE ("public"."Ad"."placement" = CAST($1::text AS "public"."AdPlacement") AND "public"."Ad"."active" = $2) ORDER BY "public"."Ad"."createdAt" DESC OFFSET $3
 GET / 200 in 575ms (compile: 15ms, render: 559ms)
prisma:query SELECT "public"."Ad"."id", "public"."Ad"."title", "public"."Ad"."adCode", "public"."Ad"."placement"::text, "public"."Ad"."active", "public"."Ad"."createdAt", "public"."Ad"."updatedAt" FROM "public"."Ad" WHERE ("public"."Ad"."placement" = CAST($1::text AS "public"."AdPlacement") AND "public"."Ad"."active" = $2) ORDER BY "public"."Ad"."createdAt" DESC OFFSET $3
prisma:query SELECT "public"."Ad"."id", "public"."Ad"."title", "public"."Ad"."adCode", "public"."Ad"."placement"::text, "public"."Ad"."active", "public"."Ad"."createdAt", "public"."Ad"."updatedAt" FROM "public"."Ad" WHERE ("public"."Ad"."placement" = CAST($1::text AS "public"."AdPlacement") AND "public"."Ad"."active" = $2) ORDER BY "public"."Ad"."createdAt" DESC OFFSET $3
 GET / 200 in 586ms (compile: 14ms, render: 572ms)
 GET / 200 in 572ms (compile: 16ms, render: 556ms)
prisma:query SELECT "public"."Ad"."id", "public"."Ad"."title", "public"."Ad"."adCode", "public"."Ad"."placement"::text, "public"."Ad"."active", "public"."Ad"."createdAt", "public"."Ad"."updatedAt" FROM "public"."Ad" WHERE ("public"."Ad"."placement" = CAST($1::text AS "public"."AdPlacement") AND "public"."Ad"."active" = $2) ORDER BY "public"."Ad"."createdAt" DESC OFFSET $3
prisma:query SELECT "public"."Ad"."id", "public"."Ad"."title", "public"."Ad"."adCode", "public"."Ad"."placement"::text, "public"."Ad"."active", "public"."Ad"."createdAt", "public"."Ad"."updatedAt" FROM "public"."Ad" WHERE ("public"."Ad"."placement" = CAST($1::text AS "public"."AdPlacement") AND "public"."Ad"."active" = $2) ORDER BY "public"."Ad"."createdAt" DESC OFFSET $3
 GET / 200 in 569ms (compile: 11ms, render: 558ms)
prisma:query SELECT "public"."Ad"."id", "public"."Ad"."title", "public"."Ad"."adCode", "public"."Ad"."placement"::text, "public"."Ad"."active", "public"."Ad"."createdAt", "public"."Ad"."updatedAt" FROM "public"."Ad" WHERE ("public"."Ad"."placement" = CAST($1::text AS "public"."AdPlacement") AND "public"."Ad"."active" = $2) ORDER BY "public"."Ad"."createdAt" DESC OFFSET $3
prisma:query SELECT "public"."Ad"."id", "public"."Ad"."title", "public"."Ad"."adCode", "public"."Ad"."placement"::text, "public"."Ad"."active", "public"."Ad"."createdAt", "public"."Ad"."updatedAt" FROM "public"."Ad" WHERE ("public"."Ad"."placement" = CAST($1::text AS "public"."AdPlacement") AND "public"."Ad"."active" = $2) ORDER BY "public"."Ad"."createdAt" DESC OFFSET $3
prisma:query SELECT "public"."Ad"."id", "public"."Ad"."title", "public"."Ad"."adCode", "public"."Ad"."placement"::text, "public"."Ad"."active", "public"."Ad"."createdAt", "public"."Ad"."updatedAt" FROM "public"."Ad" WHERE ("public"."Ad"."placement" = CAST($1::text AS "public"."AdPlacement") AND "public"."Ad"."active" = $2) ORDER BY "public"."Ad"."createdAt" DESC OFFSET $3
prisma:query SELECT "public"."Ad"."id", "public"."Ad"."title", "public"."Ad"."adCode", "public"."Ad"."placement"::text, "public"."Ad"."active", "public"."Ad"."createdAt", "public"."Ad"."updatedAt" FROM "public"."Ad" WHERE ("public"."Ad"."placement" = CAST($1::text AS "public"."AdPlacement") AND "public"."Ad"."active" = $2) ORDER BY "public"."Ad"."createdAt" DESC OFFSET $3
 GET / 200 in 590ms (compile: 21ms, render: 568ms)
prisma:query SELECT "public"."Ad"."id", "public"."Ad"."title", "public"."Ad"."adCode", "public"."Ad"."placement"::text, "public"."Ad"."active", "public"."Ad"."createdAt", "public"."Ad"."updatedAt" FROM "public"."Ad" WHERE ("public"."Ad"."placement" = CAST($1::text AS "public"."AdPlacement") AND "public"."Ad"."active" = $2) ORDER BY "public"."Ad"."createdAt" DESC OFFSET $3
prisma:query SELECT "public"."Ad"."id", "public"."Ad"."title", "public"."Ad"."adCode", "public"."Ad"."placement"::text, "public"."Ad"."active", "public"."Ad"."createdAt", "public"."Ad"."updatedAt" FROM "public"."Ad" WHERE ("public"."Ad"."placement" = CAST($1::text AS "public"."AdPlacement") AND "public"."Ad"."active" = $2) ORDER BY "public"."Ad"."createdAt" DESC OFFSET $3
 GET / 200 in 568ms (compile: 13ms, render: 555ms)
prisma:query SELECT "public"."Ad"."id", "public"."Ad"."title", "public"."Ad"."adCode", "public"."Ad"."placement"::text, "public"."Ad"."active", "public"."Ad"."createdAt", "public"."Ad"."updatedAt" FROM "public"."Ad" WHERE ("public"."Ad"."placement" = CAST($1::text AS "public"."AdPlacement") AND "public"."Ad"."active" = $2) ORDER BY "public"."Ad"."createdAt" DESC OFFSET $3
prisma:query SELECT "public"."Ad"."id", "public"."Ad"."title", "public"."Ad"."adCode", "public"."Ad"."placement"::text, "public"."Ad"."active", "public"."Ad"."createdAt", "public"."Ad"."updatedAt" FROM "public"."Ad" WHERE ("public"."Ad"."placement" = CAST($1::text AS "public"."AdPlacement") AND "public"."Ad"."active" = $2) ORDER BY "public"."Ad"."createdAt" DESC OFFSET $3
 GET / 200 in 566ms (compile: 12ms, render: 554ms)
prisma:query SELECT "public"."Ad"."id", "public"."Ad"."title", "public"."Ad"."adCode", "public"."Ad"."placement"::text, "public"."Ad"."active", "public"."Ad"."createdAt", "public"."Ad"."updatedAt" FROM "public"."Ad" WHERE ("public"."Ad"."placement" = CAST($1::text AS "public"."AdPlacement") AND "public"."Ad"."active" = $2) ORDER BY "public"."Ad"."createdAt" DESC OFFSET $3
prisma:query SELECT "public"."Ad"."id", "public"."Ad"."title", "public"."Ad"."adCode", "public"."Ad"."placement"::text, "public"."Ad"."active", "public"."Ad"."createdAt", "public"."Ad"."updatedAt" FROM "public"."Ad" WHERE ("public"."Ad"."placement" = CAST($1::text AS "public"."AdPlacement") AND "public"."Ad"."active" = $2) ORDER BY "public"."Ad"."createdAt" DESC OFFSET $3
 GET / 200 in 588ms (compile: 11ms, render: 577ms)
 GET / 200 in 674ms (compile: 12ms, render: 662ms)
prisma:query SELECT "public"."Ad"."id", "public"."Ad"."title", "public"."Ad"."adCode", "public"."Ad"."placement"::text, "public"."Ad"."active", "public"."Ad"."createdAt", "public"."Ad"."updatedAt" FROM "public"."Ad" WHERE ("public"."Ad"."placement" = CAST($1::text AS "public"."AdPlacement") AND "public"."Ad"."active" = $2) ORDER BY "public"."Ad"."createdAt" DESC OFFSET $3
prisma:query SELECT "public"."Ad"."id", "public"."Ad"."title", "public"."Ad"."adCode", "public"."Ad"."placement"::text, "public"."Ad"."active", "public"."Ad"."createdAt", "public"."Ad"."updatedAt" FROM "public"."Ad" WHERE ("public"."Ad"."placement" = CAST($1::text AS "public"."AdPlacement") AND "public"."Ad"."active" = $2) ORDER BY "public"."Ad"."createdAt" DESC OFFSET $3
prisma:query SELECT "public"."Ad"."id", "public"."Ad"."title", "public"."Ad"."adCode", "public"."Ad"."placement"::text, "public"."Ad"."active", "public"."Ad"."createdAt", "public"."Ad"."updatedAt" FROM "public"."Ad" WHERE ("public"."Ad"."placement" = CAST($1::text AS "public"."AdPlacement") AND "public"."Ad"."active" = $2) ORDER BY "public"."Ad"."createdAt" DESC OFFSET $3
prisma:query SELECT "public"."Ad"."id", "public"."Ad"."title", "public"."Ad"."adCode", "public"."Ad"."placement"::text, "public"."Ad"."active", "public"."Ad"."createdAt", "public"."Ad"."updatedAt" FROM "public"."Ad" WHERE ("public"."Ad"."placement" = CAST($1::text AS "public"."AdPlacement") AND "public"."Ad"."active" = $2) ORDER BY "public"."Ad"."createdAt" DESC OFFSET $3
 GET / 200 in 665ms (compile: 16ms, render: 649ms)
prisma:query SELECT "public"."Ad"."id", "public"."Ad"."title", "public"."Ad"."adCode", "public"."Ad"."placement"::text, "public"."Ad"."active", "public"."Ad"."createdAt", "public"."Ad"."updatedAt" FROM "public"."Ad" WHERE ("public"."Ad"."placement" = CAST($1::text AS "public"."AdPlacement") AND "public"."Ad"."active" = $2) ORDER BY "public"."Ad"."createdAt" DESC OFFSET $3
prisma:query SELECT "public"."Ad"."id", "public"."Ad"."title", "public"."Ad"."adCode", "public"."Ad"."placement"::text, "public"."Ad"."active", "public"."Ad"."createdAt", "public"."Ad"."updatedAt" FROM "public"."Ad" WHERE ("public"."Ad"."placement" = CAST($1::text AS "public"."AdPlacement") AND "public"."Ad"."active" = $2) ORDER BY "public"."Ad"."createdAt" DESC OFFSET $3
 GET / 200 in 672ms (compile: 14ms, render: 659ms)
prisma:query SELECT "public"."Ad"."id", "public"."Ad"."title", "public"."Ad"."adCode", "public"."Ad"."placement"::text, "public"."Ad"."active", "public"."Ad"."createdAt", "public"."Ad"."updatedAt" FROM "public"."Ad" WHERE ("public"."Ad"."placement" = CAST($1::text AS "public"."AdPlacement") AND "public"."Ad"."active" = $2) ORDER BY "public"."Ad"."createdAt" DESC OFFSET $3
prisma:query SELECT "public"."Ad"."id", "public"."Ad"."title", "public"."Ad"."adCode", "public"."Ad"."placement"::text, "public"."Ad"."active", "public"."Ad"."createdAt", "public"."Ad"."updatedAt" FROM "public"."Ad" WHERE ("public"."Ad"."placement" = CAST($1::text AS "public"."AdPlacement") AND "public"."Ad"."active" = $2) ORDER BY "public"."Ad"."createdAt" DESC OFFSET $3
 GET / 200 in 587ms (compile: 14ms, render: 573ms)
prisma:query SELECT "public"."Ad"."id", "public"."Ad"."title", "public"."Ad"."adCode", "public"."Ad"."placement"::text, "public"."Ad"."active", "public"."Ad"."createdAt", "public"."Ad"."updatedAt" FROM "public"."Ad" WHERE ("public"."Ad"."placement" = CAST($1::text AS "public"."AdPlacement") AND "public"."Ad"."active" = $2) ORDER BY "public"."Ad"."createdAt" DESC OFFSET $3
prisma:query SELECT "public"."Ad"."id", "public"."Ad"."title", "public"."Ad"."adCode", "public"."Ad"."placement"::text, "public"."Ad"."active", "public"."Ad"."createdAt", "public"."Ad"."updatedAt" FROM "public"."Ad" WHERE ("public"."Ad"."placement" = CAST($1::text AS "public"."AdPlacement") AND "public"."Ad"."active" = $2) ORDER BY "public"."Ad"."createdAt" DESC OFFSET $3
prisma:query SELECT "public"."Ad"."id", "public"."Ad"."title", "public"."Ad"."adCode", "public"."Ad"."placement"::text, "public"."Ad"."active", "public"."Ad"."createdAt", "public"."Ad"."updatedAt" FROM "public"."Ad" WHERE ("public"."Ad"."placement" = CAST($1::text AS "public"."AdPlacement") AND "public"."Ad"."active" = $2) ORDER BY "public"."Ad"."createdAt" DESC OFFSET $3
prisma:query SELECT "public"."Ad"."id", "public"."Ad"."title", "public"."Ad"."adCode", "public"."Ad"."placement"::text, "public"."Ad"."active", "public"."Ad"."createdAt", "public"."Ad"."updatedAt" FROM "public"."Ad" WHERE ("public"."Ad"."placement" = CAST($1::text AS "public"."AdPlacement") AND "public"."Ad"."active" = $2) ORDER BY "public"."Ad"."createdAt" DESC OFFSET $3
prisma:query SELECT "public"."Ad"."id", "public"."Ad"."title", "public"."Ad"."adCode", "public"."Ad"."placement"::text, "public"."Ad"."active", "public"."Ad"."createdAt", "public"."Ad"."updatedAt" FROM "public"."Ad" WHERE ("public"."Ad"."placement" = CAST($1::text AS "public"."AdPlacement") AND "public"."Ad"."active" = $2) ORDER BY "public"."Ad"."createdAt" DESC OFFSET $3
prisma:query SELECT "public"."Ad"."id", "public"."Ad"."title", "public"."Ad"."adCode", "public"."Ad"."placement"::text, "public"."Ad"."active", "public"."Ad"."createdAt", "public"."Ad"."updatedAt" FROM "public"."Ad" WHERE ("public"."Ad"."placement" = CAST($1::text AS "public"."AdPlacement") AND "public"."Ad"."active" = $2) ORDER BY "public"."Ad"."createdAt" DESC OFFSET $3
 GET / 200 in 795ms (compile: 16ms, render: 778ms)
 GET / 200 in 716ms (compile: 10ms, render: 706ms)
 GET / 200 in 708ms (compile: 11ms, render: 697ms)
prisma:query SELECT "public"."Ad"."id", "public"."Ad"."title", "public"."Ad"."adCode", "public"."Ad"."placement"::text, "public"."Ad"."active", "public"."Ad"."createdAt", "public"."Ad"."updatedAt" FROM "public"."Ad" WHERE ("public"."Ad"."placement" = CAST($1::text AS "public"."AdPlacement") AND "public"."Ad"."active" = $2) ORDER BY "public"."Ad"."createdAt" DESC OFFSET $3
prisma:query SELECT "public"."Ad"."id", "public"."Ad"."title", "public"."Ad"."adCode", "public"."Ad"."placement"::text, "public"."Ad"."active", "public"."Ad"."createdAt", "public"."Ad"."updatedAt" FROM "public"."Ad" WHERE ("public"."Ad"."placement" = CAST($1::text AS "public"."AdPlacement") AND "public"."Ad"."active" = $2) ORDER BY "public"."Ad"."createdAt" DESC OFFSET $3
 GET / 200 in 835ms (compile: 12ms, render: 824ms)
prisma:query SELECT "public"."Ad"."id", "public"."Ad"."title", "public"."Ad"."adCode", "public"."Ad"."placement"::text, "public"."Ad"."active", "public"."Ad"."createdAt", "public"."Ad"."updatedAt" FROM "public"."Ad" WHERE ("public"."Ad"."placement" = CAST($1::text AS "public"."AdPlacement") AND "public"."Ad"."active" = $2) ORDER BY "public"."Ad"."createdAt" DESC OFFSET $3
prisma:query SELECT "public"."Ad"."id", "public"."Ad"."title", "public"."Ad"."adCode", "public"."Ad"."placement"::text, "public"."Ad"."active", "public"."Ad"."createdAt", "public"."Ad"."updatedAt" FROM "public"."Ad" WHERE ("public"."Ad"."placement" = CAST($1::text AS "public"."AdPlacement") AND "public"."Ad"."active" = $2) ORDER BY "public"."Ad"."createdAt" DESC OFFSET $3
 GET / 200 in 826ms (compile: 15ms, render: 811ms)
prisma:query SELECT "public"."Ad"."id", "public"."Ad"."title", "public"."Ad"."adCode", "public"."Ad"."placement"::text, "public"."Ad"."active", "public"."Ad"."createdAt", "public"."Ad"."updatedAt" FROM "public"."Ad" WHERE ("public"."Ad"."placement" = CAST($1::text AS "public"."AdPlacement") AND "public"."Ad"."active" = $2) ORDER BY "public"."Ad"."createdAt" DESC OFFSET $3
prisma:query SELECT "public"."Ad"."id", "public"."Ad"."title", "public"."Ad"."adCode", "public"."Ad"."placement"::text, "public"."Ad"."active", "public"."Ad"."createdAt", "public"."Ad"."updatedAt" FROM "public"."Ad" WHERE ("public"."Ad"."placement" = CAST($1::text AS "public"."AdPlacement") AND "public"."Ad"."active" = $2) ORDER BY "public"."Ad"."createdAt" DESC OFFSET $3
 GET / 200 in 827ms (compile: 18ms, render: 809ms)
prisma:query SELECT "public"."Ad"."id", "public"."Ad"."title", "public"."Ad"."adCode", "public"."Ad"."placement"::text, "public"."Ad"."active", "public"."Ad"."createdAt", "public"."Ad"."updatedAt" FROM "public"."Ad" WHERE ("public"."Ad"."placement" = CAST($1::text AS "public"."AdPlacement") AND "public"."Ad"."active" = $2) ORDER BY "public"."Ad"."createdAt" DESC OFFSET $3
prisma:query SELECT "public"."Ad"."id", "public"."Ad"."title", "public"."Ad"."adCode", "public"."Ad"."placement"::text, "public"."Ad"."active", "public"."Ad"."createdAt", "public"."Ad"."updatedAt" FROM "public"."Ad" WHERE ("public"."Ad"."placement" = CAST($1::text AS "public"."AdPlacement") AND "public"."Ad"."active" = $2) ORDER BY "public"."Ad"."createdAt" DESC OFFSET $3
prisma:query SELECT "public"."Ad"."id", "public"."Ad"."title", "public"."Ad"."adCode", "public"."Ad"."placement"::text, "public"."Ad"."active", "public"."Ad"."createdAt", "public"."Ad"."updatedAt" FROM "public"."Ad" WHERE ("public"."Ad"."placement" = CAST($1::text AS "public"."AdPlacement") AND "public"."Ad"."active" = $2) ORDER BY "public"."Ad"."createdAt" DESC OFFSET $3
prisma:query SELECT "public"."Ad"."id", "public"."Ad"."title", "public"."Ad"."adCode", "public"."Ad"."placement"::text, "public"."Ad"."active", "public"."Ad"."createdAt", "public"."Ad"."updatedAt" FROM "public"."Ad" WHERE ("public"."Ad"."placement" = CAST($1::text AS "public"."AdPlacement") AND "public"."Ad"."active" = $2) ORDER BY "public"."Ad"."createdAt" DESC OFFSET $3
 GET / 200 in 798ms (compile: 29ms, render: 769ms)
 GET / 200 in 686ms (compile: 151ms, render: 536ms)
 GET / 200 in 444ms (compile: 12ms, render: 433ms)
prisma:query SELECT "public"."Ad"."id", "public"."Ad"."title", "public"."Ad"."adCode", "public"."Ad"."placement"::text, "public"."Ad"."active", "public"."Ad"."createdAt", "public"."Ad"."updatedAt" FROM "public"."Ad" WHERE ("public"."Ad"."placement" = CAST($1::text AS "public"."AdPlacement") AND "public"."Ad"."active" = $2) ORDER BY "public"."Ad"."createdAt" DESC OFFSET $3
prisma:query SELECT "public"."Ad"."id", "public"."Ad"."title", "public"."Ad"."adCode", "public"."Ad"."placement"::text, "public"."Ad"."active", "public"."Ad"."createdAt", "public"."Ad"."updatedAt" FROM "public"."Ad" WHERE ("public"."Ad"."placement" = CAST($1::text AS "public"."AdPlacement") AND "public"."Ad"."active" = $2) ORDER BY "public"."Ad"."createdAt" DESC OFFSET $3
 GET / 200 in 469ms (compile: 13ms, render: 456ms)
prisma:query SELECT "public"."Ad"."id", "public"."Ad"."title", "public"."Ad"."adCode", "public"."Ad"."placement"::text, "public"."Ad"."active", "public"."Ad"."createdAt", "public"."Ad"."updatedAt" FROM "public"."Ad" WHERE ("public"."Ad"."placement" = CAST($1::text AS "public"."AdPlacement") AND "public"."Ad"."active" = $2) ORDER BY "public"."Ad"."createdAt" DESC OFFSET $3
prisma:query SELECT "public"."Ad"."id", "public"."Ad"."title", "public"."Ad"."adCode", "public"."Ad"."placement"::text, "public"."Ad"."active", "public"."Ad"."createdAt", "public"."Ad"."updatedAt" FROM "public"."Ad" WHERE ("public"."Ad"."placement" = CAST($1::text AS "public"."AdPlacement") AND "public"."Ad"."active" = $2) ORDER BY "public"."Ad"."createdAt" DESC OFFSET $3
 GET / 200 in 546ms (compile: 13ms, render: 532ms)
 GET / 200 in 441ms (compile: 11ms, render: 431ms)
prisma:query SELECT "public"."Ad"."id", "public"."Ad"."title", "public"."Ad"."adCode", "public"."Ad"."placement"::text, "public"."Ad"."active", "public"."Ad"."createdAt", "public"."Ad"."updatedAt" FROM "public"."Ad" WHERE ("public"."Ad"."placement" = CAST($1::text AS "public"."AdPlacement") AND "public"."Ad"."active" = $2) ORDER BY "public"."Ad"."createdAt" DESC OFFSET $3
prisma:query SELECT "public"."Ad"."id", "public"."Ad"."title", "public"."Ad"."adCode", "public"."Ad"."placement"::text, "public"."Ad"."active", "public"."Ad"."createdAt", "public"."Ad"."updatedAt" FROM "public"."Ad" WHERE ("public"."Ad"."placement" = CAST($1::text AS "public"."AdPlacement") AND "public"."Ad"."active" = $2) ORDER BY "public"."Ad"."createdAt" DESC OFFSET $3
prisma:query SELECT "public"."Ad"."id", "public"."Ad"."title", "public"."Ad"."adCode", "public"."Ad"."placement"::text, "public"."Ad"."active", "public"."Ad"."createdAt", "public"."Ad"."updatedAt" FROM "public"."Ad" WHERE ("public"."Ad"."placement" = CAST($1::text AS "public"."AdPlacement") AND "public"."Ad"."active" = $2) ORDER BY "public"."Ad"."createdAt" DESC OFFSET $3
prisma:query SELECT "public"."Ad"."id", "public"."Ad"."title", "public"."Ad"."adCode", "public"."Ad"."placement"::text, "public"."Ad"."active", "public"."Ad"."createdAt", "public"."Ad"."updatedAt" FROM "public"."Ad" WHERE ("public"."Ad"."placement" = CAST($1::text AS "public"."AdPlacement") AND "public"."Ad"."active" = $2) ORDER BY "public"."Ad"."createdAt" DESC OFFSET $3
prisma:query SELECT "public"."Ad"."id", "public"."Ad"."title", "public"."Ad"."adCode", "public"."Ad"."placement"::text, "public"."Ad"."active", "public"."Ad"."createdAt", "public"."Ad"."updatedAt" FROM "public"."Ad" WHERE ("public"."Ad"."placement" = CAST($1::text AS "public"."AdPlacement") AND "public"."Ad"."active" = $2) ORDER BY "public"."Ad"."createdAt" DESC OFFSET $3
prisma:query SELECT "public"."Ad"."id", "public"."Ad"."title", "public"."Ad"."adCode", "public"."Ad"."placement"::text, "public"."Ad"."active", "public"."Ad"."createdAt", "public"."Ad"."updatedAt" FROM "public"."Ad" WHERE ("public"."Ad"."placement" = CAST($1::text AS "public"."AdPlacement") AND "public"."Ad"."active" = $2) ORDER BY "public"."Ad"."createdAt" DESC OFFSET $3
 GET / 200 in 660ms (compile: 14ms, render: 645ms)
prisma:query SELECT "public"."Ad"."id", "public"."Ad"."title", "public"."Ad"."adCode", "public"."Ad"."placement"::text, "public"."Ad"."active", "public"."Ad"."createdAt", "public"."Ad"."updatedAt" FROM "public"."Ad" WHERE ("public"."Ad"."placement" = CAST($1::text AS "public"."AdPlacement") AND "public"."Ad"."active" = $2) ORDER BY "public"."Ad"."createdAt" DESC OFFSET $3
prisma:query SELECT "public"."Ad"."id", "public"."Ad"."title", "public"."Ad"."adCode", "public"."Ad"."placement"::text, "public"."Ad"."active", "public"."Ad"."createdAt", "public"."Ad"."updatedAt" FROM "public"."Ad" WHERE ("public"."Ad"."placement" = CAST($1::text AS "public"."AdPlacement") AND "public"."Ad"."active" = $2) ORDER BY "public"."Ad"."createdAt" DESC OFFSET $3
 GET / 200 in 638ms (compile: 13ms, render: 625ms)
prisma:query SELECT "public"."Ad"."id", "public"."Ad"."title", "public"."Ad"."adCode", "public"."Ad"."placement"::text, "public"."Ad"."active", "public"."Ad"."createdAt", "public"."Ad"."updatedAt" FROM "public"."Ad" WHERE ("public"."Ad"."placement" = CAST($1::text AS "public"."AdPlacement") AND "public"."Ad"."active" = $2) ORDER BY "public"."Ad"."createdAt" DESC OFFSET $3
prisma:query SELECT "public"."Ad"."id", "public"."Ad"."title", "public"."Ad"."adCode", "public"."Ad"."placement"::text, "public"."Ad"."active", "public"."Ad"."createdAt", "public"."Ad"."updatedAt" FROM "public"."Ad" WHERE ("public"."Ad"."placement" = CAST($1::text AS "public"."AdPlacement") AND "public"."Ad"."active" = $2) ORDER BY "public"."Ad"."createdAt" DESC OFFSET $3
 GET / 200 in 552ms (compile: 13ms, render: 539ms)
prisma:query SELECT "public"."Ad"."id", "public"."Ad"."title", "public"."Ad"."adCode", "public"."Ad"."placement"::text, "public"."Ad"."active", "public"."Ad"."createdAt", "public"."Ad"."updatedAt" FROM "public"."Ad" WHERE ("public"."Ad"."placement" = CAST($1::text AS "public"."AdPlacement") AND "public"."Ad"."active" = $2) ORDER BY "public"."Ad"."createdAt" DESC OFFSET $3
prisma:query SELECT "public"."Ad"."id", "public"."Ad"."title", "public"."Ad"."adCode", "public"."Ad"."placement"::text, "public"."Ad"."active", "public"."Ad"."createdAt", "public"."Ad"."updatedAt" FROM "public"."Ad" WHERE ("public"."Ad"."placement" = CAST($1::text AS "public"."AdPlacement") AND "public"."Ad"."active" = $2) ORDER BY "public"."Ad"."createdAt" DESC OFFSET $3
 GET / 200 in 568ms (compile: 17ms, render: 551ms)
prisma:query SELECT "public"."Ad"."id", "public"."Ad"."title", "public"."Ad"."adCode", "public"."Ad"."placement"::text, "public"."Ad"."active", "public"."Ad"."createdAt", "public"."Ad"."updatedAt" FROM "public"."Ad" WHERE ("public"."Ad"."placement" = CAST($1::text AS "public"."AdPlacement") AND "public"."Ad"."active" = $2) ORDER BY "public"."Ad"."createdAt" DESC OFFSET $3
prisma:query SELECT "public"."Ad"."id", "public"."Ad"."title", "public"."Ad"."adCode", "public"."Ad"."placement"::text, "public"."Ad"."active", "public"."Ad"."createdAt", "public"."Ad"."updatedAt" FROM "public"."Ad" WHERE ("public"."Ad"."placement" = CAST($1::text AS "public"."AdPlacement") AND "public"."Ad"."active" = $2) ORDER BY "public"."Ad"."createdAt" DESC OFFSET $3
 GET / 200 in 577ms (compile: 10ms, render: 567ms)
prisma:query SELECT "public"."Ad"."id", "public"."Ad"."title", "public"."Ad"."adCode", "public"."Ad"."placement"::text, "public"."Ad"."active", "public"."Ad"."createdAt", "public"."Ad"."updatedAt" FROM "public"."Ad" WHERE ("public"."Ad"."placement" = CAST($1::text AS "public"."AdPlacement") AND "public"."Ad"."active" = $2) ORDER BY "public"."Ad"."createdAt" DESC OFFSET $3
prisma:query SELECT "public"."Ad"."id", "public"."Ad"."title", "public"."Ad"."adCode", "public"."Ad"."placement"::text, "public"."Ad"."active", "public"."Ad"."createdAt", "public"."Ad"."updatedAt" FROM "public"."Ad" WHERE ("public"."Ad"."placement" = CAST($1::text AS "public"."AdPlacement") AND "public"."Ad"."active" = $2) ORDER BY "public"."Ad"."createdAt" DESC OFFSET $3
prisma:query SELECT "public"."Ad"."id", "public"."Ad"."title", "public"."Ad"."adCode", "public"."Ad"."placement"::text, "public"."Ad"."active", "public"."Ad"."createdAt", "public"."Ad"."updatedAt" FROM "public"."Ad" WHERE ("public"."Ad"."placement" = CAST($1::text AS "public"."AdPlacement") AND "public"."Ad"."active" = $2) ORDER BY "public"."Ad"."createdAt" DESC OFFSET $3
prisma:query SELECT "public"."Ad"."id", "public"."Ad"."title", "public"."Ad"."adCode", "public"."Ad"."placement"::text, "public"."Ad"."active", "public"."Ad"."createdAt", "public"."Ad"."updatedAt" FROM "public"."Ad" WHERE ("public"."Ad"."placement" = CAST($1::text AS "public"."AdPlacement") AND "public"."Ad"."active" = $2) ORDER BY "public"."Ad"."createdAt" DESC OFFSET $3
 GET / 200 in 653ms (compile: 13ms, render: 641ms)
 GET / 200 in 544ms (compile: 11ms, render: 533ms)
prisma:query SELECT "public"."Ad"."id", "public"."Ad"."title", "public"."Ad"."adCode", "public"."Ad"."placement"::text, "public"."Ad"."active", "public"."Ad"."createdAt", "public"."Ad"."updatedAt" FROM "public"."Ad" WHERE ("public"."Ad"."placement" = CAST($1::text AS "public"."AdPlacement") AND "public"."Ad"."active" = $2) ORDER BY "public"."Ad"."createdAt" DESC OFFSET $3
prisma:query SELECT "public"."Ad"."id", "public"."Ad"."title", "public"."Ad"."adCode", "public"."Ad"."placement"::text, "public"."Ad"."active", "public"."Ad"."createdAt", "public"."Ad"."updatedAt" FROM "public"."Ad" WHERE ("public"."Ad"."placement" = CAST($1::text AS "public"."AdPlacement") AND "public"."Ad"."active" = $2) ORDER BY "public"."Ad"."createdAt" DESC OFFSET $3
 GET / 200 in 585ms (compile: 12ms, render: 572ms)
 GET / 200 in 476ms (compile: 14ms, render: 461ms)
 GET / 200 in 362ms (compile: 14ms, render: 348ms)
 GET / 200 in 265ms (compile: 13ms, render: 252ms)
prisma:query SELECT "public"."Ad"."id", "public"."Ad"."title", "public"."Ad"."adCode", "public"."Ad"."placement"::text, "public"."Ad"."active", "public"."Ad"."createdAt", "public"."Ad"."updatedAt" FROM "public"."Ad" WHERE ("public"."Ad"."placement" = CAST($1::text AS "public"."AdPlacement") AND "public"."Ad"."active" = $2) ORDER BY "public"."Ad"."createdAt" DESC OFFSET $3
prisma:query SELECT "public"."Ad"."id", "public"."Ad"."title", "public"."Ad"."adCode", "public"."Ad"."placement"::text, "public"."Ad"."active", "public"."Ad"."createdAt", "public"."Ad"."updatedAt" FROM "public"."Ad" WHERE ("public"."Ad"."placement" = CAST($1::text AS "public"."AdPlacement") AND "public"."Ad"."active" = $2) ORDER BY "public"."Ad"."createdAt" DESC OFFSET $3
 GET / 200 in 216ms (compile: 18ms, render: 198ms)
○ Compiling /icon ...
 GET /icon?971b20278fd8ded8 200 in 8.9s (compile: 6.7s, render: 2.1s)
prisma:query SELECT "public"."Ad"."id", "public"."Ad"."title", "public"."Ad"."adCode", "public"."Ad"."placement"::text, "public"."Ad"."active", "public"."Ad"."createdAt", "public"."Ad"."updatedAt" FROM "public"."Ad" WHERE ("public"."Ad"."placement" = CAST($1::text AS "public"."AdPlacement") AND "public"."Ad"."active" = $2) ORDER BY "public"."Ad"."createdAt" DESC OFFSET $3
prisma:query SELECT "public"."Ad"."id", "public"."Ad"."title", "public"."Ad"."adCode", "public"."Ad"."placement"::text, "public"."Ad"."active", "public"."Ad"."createdAt", "public"."Ad"."updatedAt" FROM "public"."Ad" WHERE ("public"."Ad"."placement" = CAST($1::text AS "public"."AdPlacement") AND "public"."Ad"."active" = $2) ORDER BY "public"."Ad"."createdAt" DESC OFFSET $3
 GET / 200 in 2.7s (compile: 64ms, render: 2.6s)
 GET /icon?971b20278fd8ded8 200 in 50ms (compile: 10ms, render: 40ms)
 GET /api/auth/me 401 in 190ms (compile: 174ms, render: 17ms)
prisma:query SELECT "public"."Certificate"."id", "public"."Certificate"."title", "public"."Certificate"."slug", "public"."Certificate"."courseName", "public"."Certificate"."platform", "public"."Certificate"."category", "public"."Certificate"."categoryId", "public"."Certificate"."duration", "public"."Certificate"."pricingType", "public"."Certificate"."courseContent", "public"."Certificate"."benefits", "public"."Certificate"."certificateUrl", "public"."Certificate"."description", "public"."Certificate"."imageUrl", "public"."Certificate"."link", "public"."Certificate"."metaTitle", "public"."Certificate"."metaDescription", "public"."Certificate"."keywords", "public"."Certificate"."issuedAt", "public"."Certificate"."createdAt", "public"."Certificate"."updatedAt" FROM "public"."Certificate" WHERE 1=1 ORDER BY "public"."Certificate"."createdAt" DESC OFFSET $1
prisma:query SELECT "public"."Category"."id", "public"."Category"."name", "public"."Category"."slug", "public"."Category"."description", "public"."Category"."createdAt", "public"."Category"."updatedAt" FROM "public"."Category" WHERE "public"."Category"."id" IN ($1,$2,$3,$4,$5) OFFSET $6
 GET /api/certificates 200 in 2.7s (compile: 345ms, render: 2.3s)
